nohup: ignoring input
- The project is out-of-sync -- use `renv::status()` for details.
[31m

processing file: sim_sleepquality_report.qmd
[39m1/26                        
2/26 [load-libraries]       
3/26                        
4/26 [sim-functions]        
5/26                        
6/26 [sim-data-example]     
7/26                        
8/26 [fit-functions]        
9/26 [unnamed-chunk-1]      
10/26                        
11/26 [test-plot-descriptive]
12/26                        
13/26 [test-fit-h2a]         
14/26                        
15/26 [test-emmeans]         
16/26                        
17/26 [test-fit-h2b]         
18/26                        
19/26 [sim-study-h2a]        
20/26                        
21/26 [visualize-power-h2a]  
22/26                        
23/26 [sim-study-h2b]        
24/26                        
25/26 [visualize-power-h2b]  
26/26                        
[31moutput file: sim_sleepquality_report.knit.md

[39m[31mError in readLines(con, warn = FALSE) : cannot open the connection
Calls: .main ... partition_yaml_front_matter -> grep -> is.factor -> read_utf8 -> readLines
In addition: Warning message:
In readLines(con, warn = FALSE) :
  cannot open file 'sim_sleepquality_report.qmd': No such file or directory
[39m[31mExecution halted
[39mute-dir: project
  
Output created: sim_sleepquality_report.html

